\BOOKMARK [1][-]{section*.1}{\376\377\000A\000b\000s\000t\000r\000a\000c\000t}{}% 1
\BOOKMARK [1][-]{section.1}{\376\377\0001\000\040\000I\000n\000t\000r\000o\000d\000u\000c\000t\000i\000o\000n}{}% 2
\BOOKMARK [1][-]{section.2}{\376\377\0002\000\040\000R\000e\000l\000a\000t\000e\000d\000\040\000W\000o\000r\000k\000s}{}% 3
\BOOKMARK [1][-]{section.3}{\376\377\0003\000\040\000M\000E\000T\000H\000O\000D\000O\000L\000O\000G\000Y}{}% 4
\BOOKMARK [2][-]{subsection.3.1}{\376\377\0003\000.\0001\000\040\000D\000A\000T\000A\000\040\000A\000N\000D\000\040\000A\000N\000N\000O\000T\000A\000T\000I\000O\000N}{section.3}% 5
\BOOKMARK [2][-]{subsection.3.2}{\376\377\0003\000.\0002\000\040\000T\000A\000S\000K\000\040\000D\000E\000F\000I\000N\000I\000T\000I\000O\000N\000S}{section.3}% 6
\BOOKMARK [2][-]{subsection.3.3}{\376\377\0003\000.\0003\000\040\000M\000O\000D\000E\000L\000\040\000A\000R\000C\000H\000I\000T\000E\000C\000T\000U\000R\000E}{section.3}% 7
\BOOKMARK [1][-]{section.4}{\376\377\0004\000\040\000E\000X\000P\000E\000R\000I\000M\000E\000N\000T\000S}{}% 8
\BOOKMARK [1][-]{section.5}{\376\377\0005\000\040\000I\000N\000I\000\040\000C\000O\000N\000T\000O\000H}{}% 9
\BOOKMARK [2][-]{subsection.5.1}{\376\377\0005\000.\0001\000\040\000T\000y\000p\000e\000\040\000C\000h\000a\000n\000g\000e\000s\000\040\000a\000n\000d\000\040\000S\000p\000e\000c\000i\000a\000l\000\040\000C\000h\000a\000r\000a\000c\000t\000e\000r\000s}{section.5}% 10
\BOOKMARK [2][-]{subsection.5.2}{\376\377\0005\000.\0002\000\040\000M\000a\000t\000h\000\040\000E\000q\000u\000a\000t\000i\000o\000n\000s}{section.5}% 11
\BOOKMARK [2][-]{subsection.5.3}{\376\377\0005\000.\0003\000\040\000C\000i\000t\000a\000t\000i\000o\000n\000s}{section.5}% 12
\BOOKMARK [2][-]{subsection.5.4}{\376\377\0005\000.\0004\000\040\000T\000a\000b\000l\000e\000s}{section.5}% 13
\BOOKMARK [2][-]{subsection.5.5}{\376\377\0005\000.\0005\000\040\000F\000i\000g\000u\000r\000e\000s}{section.5}% 14
\BOOKMARK [2][-]{subsection.5.6}{\376\377\0005\000.\0006\000\040\000T\000h\000e\000o\000r\000e\000m\000-\000l\000i\000k\000e\000\040\000C\000o\000n\000s\000t\000r\000u\000c\000t\000s}{section.5}% 15
\BOOKMARK [1][-]{section.6}{\376\377\0006\000\040\000C\000o\000n\000c\000l\000u\000s\000i\000o\000n\000s}{}% 16
\BOOKMARK [1][-]{appendix.A}{\376\377\000A\000\040\000H\000e\000a\000d\000i\000n\000g\000s\000\040\000i\000n\000\040\000A\000p\000p\000e\000n\000d\000i\000c\000e\000s}{}% 17
\BOOKMARK [2][-]{subsection.A.1}{\376\377\000A\000.\0001\000\040\000I\000n\000t\000r\000o\000d\000u\000c\000t\000i\000o\000n}{appendix.A}% 18
\BOOKMARK [2][-]{subsection.A.2}{\376\377\000A\000.\0002\000\040\000T\000h\000e\000\040\000B\000o\000d\000y\000\040\000o\000f\000\040\000t\000h\000e\000\040\000P\000a\000p\000e\000r}{appendix.A}% 19
\BOOKMARK [2][-]{subsection.A.3}{\376\377\000A\000.\0003\000\040\000C\000o\000n\000c\000l\000u\000s\000i\000o\000n\000s}{appendix.A}% 20
\BOOKMARK [2][-]{subsection.A.4}{\376\377\000A\000.\0004\000\040\000R\000e\000f\000e\000r\000e\000n\000c\000e\000s}{appendix.A}% 21
\BOOKMARK [1][-]{appendix.B}{\376\377\000B\000\040\000M\000o\000r\000e\000\040\000H\000e\000l\000p\000\040\000f\000o\000r\000\040\000t\000h\000e\000\040\000H\000a\000r\000d\000y}{}% 22
\BOOKMARK [1][-]{section*.16}{\376\377\000A\000c\000k\000n\000o\000w\000l\000e\000d\000g\000m\000e\000n\000t\000s}{}% 23
\BOOKMARK [1][-]{section*.18}{\376\377\000R\000e\000f\000e\000r\000e\000n\000c\000e\000s}{}% 24
